[debug] [2025-09-27T13:35:44.680Z] ----------------------------------------------------------------------
[debug] [2025-09-27T13:35:44.685Z] Command:       C:\Program Files\nodejs\node.exe C:\Users\User\AppData\Roaming\npm\node_modules\firebase-tools\lib\bin\firebase.js hosting:disable
[debug] [2025-09-27T13:35:44.686Z] CLI Version:   14.17.0
[debug] [2025-09-27T13:35:44.686Z] Platform:      win32
[debug] [2025-09-27T13:35:44.686Z] Node Version:  v22.20.0
[debug] [2025-09-27T13:35:44.687Z] Time:          Sat Sep 27 2025 10:35:44 GMT-0300 (hora estándar de Argentina)
[debug] [2025-09-27T13:35:44.687Z] ----------------------------------------------------------------------
[debug] 
[debug] [2025-09-27T13:35:45.030Z] > command requires scopes: ["email","openid","https://www.googleapis.com/auth/cloudplatformprojects.readonly","https://www.googleapis.com/auth/firebase","https://www.googleapis.com/auth/cloud-platform"]
[debug] [2025-09-27T13:35:45.030Z] > authorizing via signed-in user (tomasaluch.ar@gmail.com)
[debug] [2025-09-27T13:35:45.030Z] [iam] checking project rosita-b76eb for permissions ["firebase.projects.get","firebasehosting.sites.update"]
[debug] [2025-09-27T13:35:45.032Z] Checked if tokens are valid: true, expires at: 1758983641861
[debug] [2025-09-27T13:35:45.032Z] Checked if tokens are valid: true, expires at: 1758983641861
[debug] [2025-09-27T13:35:45.033Z] >>> [apiv2][query] POST https://cloudresourcemanager.googleapis.com/v1/projects/rosita-b76eb:testIamPermissions [none]
[debug] [2025-09-27T13:35:45.033Z] >>> [apiv2][(partial)header] POST https://cloudresourcemanager.googleapis.com/v1/projects/rosita-b76eb:testIamPermissions x-goog-quota-user=projects/rosita-b76eb
[debug] [2025-09-27T13:35:45.033Z] >>> [apiv2][body] POST https://cloudresourcemanager.googleapis.com/v1/projects/rosita-b76eb:testIamPermissions {"permissions":["firebase.projects.get","firebasehosting.sites.update"]}
[debug] [2025-09-27T13:35:45.945Z] <<< [apiv2][status] POST https://cloudresourcemanager.googleapis.com/v1/projects/rosita-b76eb:testIamPermissions 200
[debug] [2025-09-27T13:35:45.945Z] <<< [apiv2][body] POST https://cloudresourcemanager.googleapis.com/v1/projects/rosita-b76eb:testIamPermissions {"permissions":["firebase.projects.get","firebasehosting.sites.update"]}
[debug] [2025-09-27T13:35:45.946Z] Checked if tokens are valid: true, expires at: 1758983641861
[debug] [2025-09-27T13:35:45.946Z] Checked if tokens are valid: true, expires at: 1758983641861
[debug] [2025-09-27T13:35:45.946Z] >>> [apiv2][query] GET https://firebase.googleapis.com/v1beta1/projects/rosita-b76eb [none]
[debug] [2025-09-27T13:35:46.313Z] <<< [apiv2][status] GET https://firebase.googleapis.com/v1beta1/projects/rosita-b76eb 200
[debug] [2025-09-27T13:35:46.313Z] <<< [apiv2][body] GET https://firebase.googleapis.com/v1beta1/projects/rosita-b76eb {"projectId":"rosita-b76eb","projectNumber":"778473943709","displayName":"Rosita","name":"projects/rosita-b76eb","resources":{"hostingSite":"rosita-b76eb"},"state":"ACTIVE","etag":"1_cde90428-6ee5-4e60-86f1-ce53437c419b"}
[debug] [2025-09-27T13:35:52.769Z] ExitPromptError: User force closed the prompt with SIGINT
    at Interface.sigint (C:\Users\User\AppData\Roaming\npm\node_modules\firebase-tools\node_modules\@inquirer\core\dist\commonjs\lib\create-prompt.js:101:37)
    at Interface.emit (node:events:519:28)
    at Interface.emit (node:domain:489:12)
    at [_ttyWrite] [as _ttyWrite] (node:internal/readline/interface:1128:18)
    at ReadStream.onkeypress (node:internal/readline/interface:271:20)
    at ReadStream.emit (node:events:531:35)
    at ReadStream.emit (node:domain:489:12)
    at emitKeys (node:internal/readline/utils:370:14)
    at emitKeys.next (<anonymous>)
    at ReadStream.onData (node:internal/readline/emitKeypressEvents:64:36)
[error] 
[error] Error: An unexpected error has occurred.
[debug] [2025-09-27T13:44:43.053Z] ----------------------------------------------------------------------
[debug] [2025-09-27T13:44:43.056Z] Command:       C:\Program Files\nodejs\node.exe C:\Users\User\AppData\Roaming\npm\node_modules\firebase-tools\lib\bin\firebase.js firestore:indexes
[debug] [2025-09-27T13:44:43.057Z] CLI Version:   14.17.0
[debug] [2025-09-27T13:44:43.057Z] Platform:      win32
[debug] [2025-09-27T13:44:43.057Z] Node Version:  v22.20.0
[debug] [2025-09-27T13:44:43.057Z] Time:          Sat Sep 27 2025 10:44:43 GMT-0300 (hora estándar de Argentina)
[debug] [2025-09-27T13:44:43.058Z] ----------------------------------------------------------------------
[debug] 
[debug] [2025-09-27T13:44:43.504Z] > command requires scopes: ["email","openid","https://www.googleapis.com/auth/cloudplatformprojects.readonly","https://www.googleapis.com/auth/firebase","https://www.googleapis.com/auth/cloud-platform"]
[debug] [2025-09-27T13:44:43.507Z] > authorizing via signed-in user (tomasaluch.ar@gmail.com)
[debug] [2025-09-27T13:44:43.508Z] [iam] checking project rosita-b76eb for permissions ["datastore.indexes.list","firebase.projects.get"]
[debug] [2025-09-27T13:44:43.510Z] Checked if tokens are valid: true, expires at: 1758983641861
[debug] [2025-09-27T13:44:43.511Z] Checked if tokens are valid: true, expires at: 1758983641861
[debug] [2025-09-27T13:44:43.512Z] >>> [apiv2][query] POST https://cloudresourcemanager.googleapis.com/v1/projects/rosita-b76eb:testIamPermissions [none]
[debug] [2025-09-27T13:44:43.512Z] >>> [apiv2][(partial)header] POST https://cloudresourcemanager.googleapis.com/v1/projects/rosita-b76eb:testIamPermissions x-goog-quota-user=projects/rosita-b76eb
[debug] [2025-09-27T13:44:43.512Z] >>> [apiv2][body] POST https://cloudresourcemanager.googleapis.com/v1/projects/rosita-b76eb:testIamPermissions {"permissions":["datastore.indexes.list","firebase.projects.get"]}
